============================================================
  Generated by:           Genus(TM) Synthesis Solution 20.11-s111_1
  Generated on:           Mar 10 2026  11:02:26 pm
  Module:                 bdi_dbi_encoder
  Operating conditions:   slow (balanced_tree)
  Wireload mode:          enclosed
  Area mode:              timing library
============================================================

                                
   Gate    Instances    Area    Library 
----------------------------------------
ADDFHX1           48   1017.274    slow 
ADDFHX2            2     45.414    slow 
ADDFHXL            3     63.580    slow 
ADDFX1            28    551.023    slow 
ADDFXL            14    275.512    slow 
ADDHX1             1     12.110    slow 
AND2X1            45    204.363    slow 
AND2XL             5     22.707    slow 
AND3X1             5     30.276    slow 
AO21X1             7     47.685    slow 
AO22X1             2     15.138    slow 
AO22X4             1     10.597    slow 
AOI211X1           1      5.298    slow 
AOI21X1          131    594.923    slow 
AOI21X2           59    491.228    slow 
AOI21X4           23    330.765    slow 
AOI21XL           26    118.076    slow 
AOI221X1           2     15.138    slow 
AOI22X1           10     60.552    slow 
AOI22X2            9     88.557    slow 
AOI22X4            1     18.923    slow 
AOI22XL            2     12.110    slow 
AOI2BB1X1         17    102.938    slow 
AOI2BB1X4          1     12.110    slow 
AOI2BB1XL          1      6.055    slow 
AOI31X1            7     42.386    slow 
AOI32X1            4     27.248    slow 
AOI32XL            1      6.812    slow 
AOI33XL            2     15.138    slow 
BUFX12             1     15.895    slow 
BUFX2             40    181.656    slow 
BUFX20             1     25.735    slow 
BUFX3              4     24.221    slow 
BUFX6              3     27.248    slow 
CLKAND2X2         30    158.949    slow 
CLKAND2X3          4     36.331    slow 
CLKAND2X6          3     45.414    slow 
CLKBUFX2           4     18.166    slow 
CLKINVX1         473   1074.041    slow 
CLKINVX12         10    121.104    slow 
CLKINVX16          5     83.259    slow 
CLKINVX2         113    427.649    slow 
CLKINVX20          2     39.359    slow 
CLKINVX3          41    186.197    slow 
CLKINVX4          18    108.994    slow 
CLKINVX6          12     81.745    slow 
CLKINVX8           9     81.745    slow 
CLKMX2X3           2     19.679    slow 
CLKXOR2X1         39    324.710    slow 
DFFRHQX1          19    388.290    slow 
DFFRX2           159   3610.413    slow 
DLY2X1             3     43.143    slow 
INVX1            210    476.847    slow 
INVX12             1     12.110    slow 
INVX16             2     33.304    slow 
INVX2              3     11.354    slow 
INVX3              6     27.248    slow 
INVX4             12     72.662    slow 
INVX6             14     95.369    slow 
INVX8              9     81.745    slow 
INVXL            109    247.506    slow 
MX2X1              9     61.309    slow 
MXI2X1            63    429.162    slow 
MXI2X2             1      9.840    slow 
MXI2XL            40    242.208    slow 
NAND2BX1         256   1162.598    slow 
NAND2BX2          29    197.551    slow 
NAND2BX4          18    204.363    slow 
NAND2BXL         107    485.930    slow 
NAND2X1          221    836.375    slow 
NAND2X2          156    944.611    slow 
NAND2X4           96    944.611    slow 
NAND2X6            9    129.430    slow 
NAND2X8            3     49.955    slow 
NAND2XL          491   1486.552    slow 
NAND3BX1           7     42.386    slow 
NAND3BX2           3     27.248    slow 
NAND3X1           23    104.452    slow 
NAND3X2           31    258.103    slow 
NAND3XL            6     27.248    slow 
NAND4X1            1      6.055    slow 
NAND4X4            1     20.436    slow 
NAND4X6            2     46.928    slow 
NAND4XL            2     10.597    slow 
NOR2BX1          222   1008.191    slow 
NOR2BX2           14     95.369    slow 
NOR2BXL           10     45.414    slow 
NOR2X1           123    465.493    slow 
NOR2X2            80    484.416    slow 
NOR2X4            24    236.153    slow 
NOR2X6             2     25.735    slow 
NOR2XL           209    632.768    slow 
NOR3BX1            2     12.110    slow 
NOR3BX2            4     39.359    slow 
NOR3BXL            3     18.166    slow 
NOR3X1            12     54.497    slow 
NOR3X2             6     54.497    slow 
NOR3X4             1     15.895    slow 
NOR3XL             6     27.248    slow 
NOR4BX1            1      6.812    slow 
OA21X1             6     40.873    slow 
OA21X4             1      9.840    slow 
OA21XL             4     27.248    slow 
OA22XL             1      7.569    slow 
OAI211X1          18     95.369    slow 
OAI211XL           4     21.193    slow 
OAI21X1          552   2506.853    slow 
OAI21X2           61    507.880    slow 
OAI21X4           23    330.765    slow 
OAI21XL           28    127.159    slow 
OAI22X1           30    181.656    slow 
OAI22X2            8     78.718    slow 
OAI22XL            1      6.055    slow 
OAI2BB1X1         82    434.461    slow 
OAI2BB1X2         19    143.811    slow 
OAI2BB1X4          3     36.331    slow 
OAI2BB1XL          1      5.298    slow 
OAI2BB2X1          2     19.679    slow 
OAI2BB2X2          1     14.381    slow 
OAI31X1            9     54.497    slow 
OAI32X1            4     27.248    slow 
OR2X1             17     77.204    slow 
OR2XL              8     36.331    slow 
SDFFRHQX1          8    199.822    slow 
SDFFRXL           73   1989.133    slow 
XNOR2X1           34    283.081    slow 
XNOR2XL           29    241.451    slow 
XNOR3X1            3     68.121    slow 
XOR2XL            24    199.822    slow 
XOR3X1            24    544.968    slow 
XOR3XL             4     90.828    slow 
----------------------------------------
total           5195  31783.745         


                                          
     Type      Instances    Area   Area % 
------------------------------------------
sequential           259  6187.658   19.5 
inverter            1049  3262.239   10.3 
buffer                56   336.064    1.1 
logic               3831 21997.785   69.2 
physical_cells         0     0.000    0.0 
------------------------------------------
total               5195 31783.745  100.0 

